Arguments: 
  C:\Program Files\nodejs\node.exe C:\Program Files (x86)\Yarn\bin\yarn.js test

PATH: 
  C:\app\philr\product\21c\dbhomeXE\bin;C:\Program Files\Common Files\Oracle\Java\javapath;C:\Program Files (x86)\Common Files\Oracle\Java\javapath;C:\windows\system32;C:\windows;C:\windows\System32\Wbem;C:\windows\System32\WindowsPowerShell\v1.0\;C:\windows\System32\OpenSSH\;C:\Program Files (x86)\NVIDIA Corporation\PhysX\Common;C:\Program Files\NVIDIA Corporation\NVIDIA NvDLISR;C:\WINDOWS\system32;C:\WINDOWS;C:\WINDOWS\System32\Wbem;C:\WINDOWS\System32\WindowsPowerShell\v1.0\;C:\WINDOWS\System32\OpenSSH\;C:\Program Files (x86)\sbt\bin;C:\Program Files\Git\cmd;C:\Program Files\Microsoft SQL Server\150\Tools\Binn\;C:\Program Files\Microsoft SQL Server\Client SDK\ODBC\170\Tools\Binn\;C:\Program Files\dotnet\;C:\ProgramData\chocolatey\bin;C:\Program Files\Microsoft SQL Server\130\Tools\Binn\;C:\Users\philr\AppData\Roaming\nvm;C:\Program Files\nodejs;C:\Program Files (x86)\Yarn\bin\;C:\Program Files\Calibre2\;C:\WINDOWS\system32;C:\WINDOWS;C:\WINDOWS\System32\Wbem;C:\WINDOWS\System32\WindowsPowerShell\v1.0\;C:\WINDOWS\System32\OpenSSH\;C:\Program Files\Rancher Desktop\resources\resources\win32\bin\;C:\Program Files\Rancher Desktop\resources\resources\linux\bin\;C:\Program Files\Go\bin;C:\Program Files\Docker\Docker\resources\bin;C:\Program Files\PowerShell\7\;C:\Program Files\nodejs\;C:\Users\philr\AppData\Local\Programs\Python\Python310\Scripts\;C:\Users\philr\AppData\Local\Programs\Python\Python310\;C:\Users\philr\AppData\Local\Microsoft\WindowsApps;C:\Program Files\JetBrains\IntelliJ IDEA 2022.3.1\bin;;C:\Users\philr\AppData\Local\Programs\Microsoft VS Code\bin;C:\Users\philr\.dotnet\tools;C:\Program Files\apache\apache-maven-3.8.4\bin;C:\Users\philr\AppData\Roaming\nvm;C:\Program Files\nodejs;C:\Users\philr\AppData\Local\Yarn\bin;C:\Users\philr\go\bin;C:\Program Files\pact\bin;C:\tools;C:\Users\philr\AppData\Roaming\npm

Yarn version: 
  1.22.19

Node version: 
  16.16.0

Platform: 
  win32 x64

Trace: 
  SyntaxError: C:\git\runbook\code\modules\utilities\utils\package.json: Unexpected token } in JSON at position 1597
      at JSON.parse (<anonymous>)
      at C:\Program Files (x86)\Yarn\lib\cli.js:1629:59
      at Generator.next (<anonymous>)
      at step (C:\Program Files (x86)\Yarn\lib\cli.js:310:30)
      at C:\Program Files (x86)\Yarn\lib\cli.js:321:13

npm manifest: 
  {
    "name": "@runbook/utils",
    "description": "",
    "version": "0.0.29",
    "main": "dist/index",
    "types": "dist/index",
    "browserslist": {
      "development": [
        "last 1 chrome version",
        "last 1 firefox version",
        "last 1 safari version",
        "last 1 chrome version",
        "last 1 firefox version",
        "last 1 safari version"
      ],
      "production": [
        ">0.2%",
        "not dead",
        "not op_mini all",
        ">0.2%",
        "not dead",
        "not op_mini all"
      ]
    },
    "dependencies": {
      "react": "16.14.0",
      "react-dom": "16.14.0"
    },
    "devDependencies": {
      "typescript": "^4.1.5",
      "@testing-library/jest-dom": "^5.11.6",
      "@testing-library/user-event": "^12.2.2",
      "@types/jest": "^26.0.15",
      "@types/node": "^14.14.9",
      "jest": "22.4.4"
    },
    "eslintConfig": {
      "extends": [
        "react-app",
        "react-app/jest"
      ],
      "overrides": [
        {
          "files": [
            "**/*.stories.*"
          ],
          "rules": {
            "import/no-anonymous-default-export": "off"
          }
        }
      ]
    },
    "files": [
      "dist/index.js",
      "dist/index.d.ts",
      "dist/src/",
      "LICENSE.md",
      "README.md",
      "dist/index.js",
      "dist/index.d.ts",
      "dist/src/"
    ],
    "keywords": [
      "react",
      "runbook"
    ],
    "license": "MIT",
    "repository": "git@github.com:run-book/runbook.git",
    "scripts": {
      "test": "jest --config jest.config.json",
      "test:watch": "npm run test -- --watch"
    },
    "jest": {
      "verbose": true,
      "testEnvironmentOptions": {
        "url": "http://localhost/"
      }
    },
  }

yarn manifest: 
  No manifest

Lockfile: 
  No lockfile
